TN:
SF:Controllers/dealController.js
FN:7,(anonymous_0)
FN:40,(anonymous_1)
FN:55,(anonymous_2)
FN:76,(anonymous_3)
FN:114,(anonymous_4)
FNF:5
FNH:0
FNDA:0,(anonymous_0)
FNDA:0,(anonymous_1)
FNDA:0,(anonymous_2)
FNDA:0,(anonymous_3)
FNDA:0,(anonymous_4)
DA:2,1
DA:3,1
DA:4,1
DA:7,1
DA:8,0
DA:18,0
DA:19,0
DA:21,0
DA:33,0
DA:35,0
DA:40,1
DA:41,0
DA:42,0
DA:48,0
DA:50,0
DA:55,1
DA:56,0
DA:57,0
DA:64,0
DA:65,0
DA:69,0
DA:71,0
DA:76,1
DA:77,0
DA:87,0
DA:88,0
DA:90,0
DA:91,0
DA:96,0
DA:107,0
DA:109,0
DA:114,1
DA:115,0
DA:116,0
DA:118,0
DA:119,0
DA:124,0
DA:125,0
DA:129,0
DA:133,1
LF:40
LH:9
BRDA:64,0,0,0
BRDA:64,0,1,0
BRDA:90,1,0,0
BRDA:90,1,1,0
BRDA:118,2,0,0
BRDA:118,2,1,0
BRF:6
BRH:0
end_of_record
TN:
SF:Models/dealModel.js
FN:2,(anonymous_0)
FNF:1
FNH:1
FNDA:1,(anonymous_0)
DA:2,1
DA:3,1
DA:83,1
LF:3
LH:3
BRF:0
BRH:0
end_of_record
TN:
SF:Models/documentModel.js
FN:2,(anonymous_0)
FNF:1
FNH:1
FNDA:1,(anonymous_0)
DA:2,1
DA:3,1
DA:62,1
LF:3
LH:3
BRF:0
BRH:0
end_of_record
TN:
SF:Models/index.js
FN:15,(anonymous_0)
FN:18,(anonymous_1)
FNF:2
FNH:0
FNDA:0,(anonymous_0)
FNDA:0,(anonymous_1)
DA:2,1
DA:7,1
DA:13,1
DA:16,0
DA:19,0
DA:22,1
DA:23,1
DA:24,1
DA:27,1
DA:28,1
DA:29,1
DA:30,1
DA:33,1
DA:34,1
DA:35,1
DA:36,1
DA:38,1
DA:39,1
DA:41,1
DA:42,1
DA:46,1
DA:47,1
DA:49,1
DA:50,1
DA:54,1
LF:25
LH:23
BRF:0
BRH:0
end_of_record
TN:
SF:Models/transaction.js
FN:2,(anonymous_0)
FNF:1
FNH:1
FNDA:1,(anonymous_0)
DA:2,1
DA:3,1
DA:57,1
LF:3
LH:3
BRF:0
BRH:0
end_of_record
TN:
SF:Models/userModel.js
FN:2,(anonymous_0)
FNF:1
FNH:1
FNDA:1,(anonymous_0)
DA:2,1
DA:3,1
DA:38,1
LF:3
LH:3
BRF:0
BRH:0
end_of_record
