TN:
SF:Controllers/teamsController.js
FN:7,(anonymous_0)
FN:66,(anonymous_1)
FNF:2
FNH:1
FNDA:3,(anonymous_0)
FNDA:0,(anonymous_1)
DA:1,1
DA:2,1
DA:3,1
DA:4,1
DA:5,1
DA:7,1
DA:8,3
DA:9,3
DA:11,3
DA:12,2
DA:13,1
DA:45,1
DA:54,1
DA:60,2
DA:66,1
DA:67,0
DA:68,0
DA:71,0
DA:83,0
DA:85,0
DA:86,0
DA:90,1
LF:22
LH:16
BRDA:12,0,0,1
BRDA:12,0,1,1
BRF:2
BRH:2
end_of_record
TN:
SF:Middlewares/graphClient.js
FN:13,(anonymous_0)
FNF:1
FNH:0
FNDA:0,(anonymous_0)
DA:2,1
DA:3,1
DA:5,1
DA:11,1
DA:14,0
DA:15,0
DA:20,1
LF:7
LH:5
BRF:0
BRH:0
end_of_record
